  [4;36;1mSQL (0.4ms)[0m   [0;1m SELECT name
 FROM sqlite_master
 WHERE type = 'table' AND NOT name = 'sqlite_sequence'
[0m
  [4;35;1mSQL (0.1ms)[0m   [0mselect sqlite_version(*)[0m
  [4;36;1mSQL (1.6ms)[0m   [0;1mCREATE TABLE "schema_migrations" ("version" varchar(255) NOT NULL) [0m
  [4;35;1mSQL (0.0ms)[0m   [0mPRAGMA index_list("schema_migrations")[0m
  [4;36;1mSQL (1.0ms)[0m   [0;1mCREATE UNIQUE INDEX "unique_schema_migrations" ON "schema_migrations" ("version")[0m
  [4;35;1mSQL (0.1ms)[0m   [0m SELECT name
 FROM sqlite_master
 WHERE type = 'table' AND NOT name = 'sqlite_sequence'
[0m
  [4;36;1mSQL (0.1ms)[0m   [0;1mSELECT version FROM schema_migrations[0m
Migrating to CreatePosts (20120105020341)
  [4;35;1mSQL (0.3ms)[0m   [0mCREATE TABLE "posts" ("id" INTEGER PRIMARY KEY AUTOINCREMENT NOT NULL, "name" varchar(255), "title" varchar(255), "when" datetime, "created_at" datetime, "updated_at" datetime) [0m
  [4;36;1mSQL (0.1ms)[0m   [0;1mINSERT INTO schema_migrations (version) VALUES ('20120105020341')[0m
  [4;35;1mSQL (0.1ms)[0m   [0m SELECT name
 FROM sqlite_master
 WHERE type = 'table' AND NOT name = 'sqlite_sequence'
[0m
  [4;36;1mSQL (0.1ms)[0m   [0;1mSELECT version FROM schema_migrations[0m
  [4;35;1mSQL (0.1ms)[0m   [0m SELECT name
 FROM sqlite_master
 WHERE type = 'table' AND NOT name = 'sqlite_sequence'
[0m
  [4;36;1mSQL (0.0ms)[0m   [0;1mPRAGMA index_list("posts")[0m


Processing PostsController#index (for 127.0.0.1 at 2012-01-04 19:39:29) [GET]
  [4;36;1mPost Load (0.6ms)[0m   [0;1mSELECT * FROM "posts" [0m
Rendering template within layouts/posts
Rendering posts/index
Completed in 32ms (View: 29, DB: 1) | 200 OK [http://localhost/posts]


Processing PostsController#new (for 127.0.0.1 at 2012-01-04 19:39:42) [GET]
Rendering template within layouts/posts
Rendering posts/new
Completed in 101ms (View: 97, DB: 0) | 200 OK [http://localhost/posts/new]


Processing PostsController#create (for 127.0.0.1 at 2012-01-04 19:39:57) [POST]
  Parameters: {"authenticity_token"=>"lBzj4cWSPWAvegIiA1Q24MhmdbuSq6U2i4zfxr1ebKA=", "post"=>{"name"=>"First", "title"=>"Second", "when(1i)"=>"2012", "when(2i)"=>"4", "when(3i)"=>"7", "when(4i)"=>"03", "when(5i)"=>"39"}, "commit"=>"Create"}
  [4;35;1mPost Create (26.4ms)[0m   [0mINSERT INTO "posts" ("name", "title", "when", "created_at", "updated_at") VALUES('First', 'Second', '2012-04-07 03:39:00', '2012-01-05 03:39:57', '2012-01-05 03:39:57')[0m
Redirected to http://localhost:3000/posts/1
Completed in 34ms (DB: 26) | 302 Found [http://localhost/posts]


Processing PostsController#show (for 127.0.0.1 at 2012-01-04 19:39:57) [GET]
  Parameters: {"id"=>"1"}
  [4;36;1mPost Load (0.1ms)[0m   [0;1mSELECT * FROM "posts" WHERE ("posts"."id" = 1) [0m
Rendering template within layouts/posts
Rendering posts/show
Completed in 30ms (View: 25, DB: 0) | 200 OK [http://localhost/posts/1]


Processing PostsController#index (for 127.0.0.1 at 2012-01-04 19:39:59) [GET]
  [4;35;1mPost Load (0.3ms)[0m   [0mSELECT * FROM "posts" [0m
Rendering template within layouts/posts
Rendering posts/index
Completed in 8ms (View: 4, DB: 0) | 200 OK [http://localhost/posts]


Processing TasksController#index (for 127.0.0.1 at 2012-01-04 19:54:31) [GET]

NameError (uninitialized constant TasksController::Task):
  app/controllers/tasks_controller.rb:5:in `index'
  <internal:prelude>:10:in `synchronize'
  /opt/local/lib/ruby1.9/1.9.1/webrick/httpserver.rb:111:in `service'
  /opt/local/lib/ruby1.9/1.9.1/webrick/httpserver.rb:70:in `run'
  /opt/local/lib/ruby1.9/1.9.1/webrick/server.rb:183:in `block in start_thread'

Rendered rescues/_trace (10.0ms)
Rendered rescues/_request_and_response (0.9ms)
Rendering rescues/layout (internal_server_error)


Processing TasksController#index (for 127.0.0.1 at 2012-01-04 19:56:22) [GET]
  [4;36;1mTask Load (0.0ms)[0m   [0;1mSQLite3::SQLException: no such table: tasks: SELECT * FROM "tasks" [0m

ActiveRecord::StatementInvalid (SQLite3::SQLException: no such table: tasks: SELECT * FROM "tasks" ):
  app/controllers/tasks_controller.rb:5:in `index'
  <internal:prelude>:10:in `synchronize'
  /opt/local/lib/ruby1.9/1.9.1/webrick/httpserver.rb:111:in `service'
  /opt/local/lib/ruby1.9/1.9.1/webrick/httpserver.rb:70:in `run'
  /opt/local/lib/ruby1.9/1.9.1/webrick/server.rb:183:in `block in start_thread'

Rendered rescues/_trace (28.8ms)
Rendered rescues/_request_and_response (0.8ms)
Rendering rescues/layout (internal_server_error)


Processing TasksController#index (for 127.0.0.1 at 2012-01-04 20:00:07) [GET]
  [4;36;1mTask Load (140.6ms)[0m   [0;1mSELECT * FROM "tasks" [0m
Rendering tasks/index
Completed in 487ms (View: 305, DB: 141) | 200 OK [http://localhost/tasks]


Processing TasksController#show (for 127.0.0.1 at 2012-01-04 20:00:19) [GET]
  Parameters: {"id"=>"472"}

ActionController::UnknownAction (No action responded to show. Actions: edit and index):
  <internal:prelude>:10:in `synchronize'
  /opt/local/lib/ruby1.9/1.9.1/webrick/httpserver.rb:111:in `service'
  /opt/local/lib/ruby1.9/1.9.1/webrick/httpserver.rb:70:in `run'
  /opt/local/lib/ruby1.9/1.9.1/webrick/server.rb:183:in `block in start_thread'

Rendering rescues/layout (not_found)


Processing TasksController#index (for 127.0.0.1 at 2012-01-04 20:03:45) [GET]
  [4;36;1mTask Load (161.0ms)[0m   [0;1mSELECT * FROM "tasks" [0m
Rendering tasks/index
Completed in 422ms (View: 219, DB: 161) | 200 OK [http://localhost/tasks]


Processing TasksController#index (for 127.0.0.1 at 2012-01-04 20:05:03) [GET]

***** The 'breakpoint' command has been renamed 'debugger' -- please change *****
  [4;36;1mTask Load (220.3ms)[0m   [0;1mSELECT * FROM "tasks" [0m
  [4;35;1mCACHE (0.0ms)[0m   [0mSELECT * FROM "tasks" [0m
  [4;36;1mCategory Load (0.2ms)[0m   [0;1mSELECT * FROM "categories" WHERE ("categories"."id" = 1) [0m
  [4;35;1mCategory Load (0.1ms)[0m   [0mSELECT * FROM "categories" WHERE ("categories"."id" = 4) [0m
  [4;36;1mCACHE (0.0ms)[0m   [0;1mSELECT * FROM "categories" WHERE ("categories"."id" = 4) [0m
  [4;35;1mCACHE (0.0ms)[0m   [0mSELECT * FROM "categories" WHERE ("categories"."id" = 4) [0m
  [4;36;1mCACHE (0.0ms)[0m   [0;1mSELECT * FROM "categories" WHERE ("categories"."id" = 4) [0m
  [4;35;1mCACHE (0.0ms)[0m   [0mSELECT * FROM "categories" WHERE ("categories"."id" = 4) [0m
  [4;36;1mCACHE (0.0ms)[0m   [0;1mSELECT * FROM "categories" WHERE ("categories"."id" = 4) [0m
  [4;35;1mCACHE (0.0ms)[0m   [0mSELECT * FROM "categories" WHERE ("categories"."id" = 4) [0m
  [4;36;1mCACHE (0.0ms)[0m   [0;1mSELECT * FROM "categories" WHERE ("categories"."id" = 4) [0m
  [4;35;1mCACHE (0.0ms)[0m   [0mSELECT * FROM "categories" WHERE ("categories"."id" = 4) [0m
  [4;36;1mCACHE (0.0ms)[0m   [0;1mSELECT * FROM "categories" WHERE ("categories"."id" = 4) [0m
  [4;35;1mCACHE (0.0ms)[0m   [0mSELECT * FROM "categories" WHERE ("categories"."id" = 4) [0m
  [4;36;1mCACHE (0.0ms)[0m   [0;1mSELECT * FROM "categories" WHERE ("categories"."id" = 4) [0m
  [4;35;1mCACHE (0.0ms)[0m   [0mSELECT * FROM "categories" WHERE ("categories"."id" = 4) [0m
  [4;36;1mCACHE (0.0ms)[0m   [0;1mSELECT * FROM "categories" WHERE ("categories"."id" = 4) [0m
  [4;35;1mCACHE (0.0ms)[0m   [0mSELECT * FROM "categories" WHERE ("categories"."id" = 4) [0m
  [4;36;1mCACHE (0.0ms)[0m   [0;1mSELECT * FROM "categories" WHERE ("categories"."id" = 4) [0m
  [4;35;1mCACHE (0.0ms)[0m   [0mSELECT * FROM "categories" WHERE ("categories"."id" = 4) [0m
  [4;36;1mCACHE (0.0ms)[0m   [0;1mSELECT * FROM "categories" WHERE ("categories"."id" = 1) [0m
  [4;35;1mCACHE (0.0ms)[0m   [0mSELECT * FROM "categories" WHERE ("categories"."id" = 4) [0m
  [4;36;1mCACHE (0.0ms)[0m   [0;1mSELECT * FROM "categories" WHERE ("categories"."id" = 4) [0m
  [4;35;1mCACHE (0.0ms)[0m   [0mSELECT * FROM "categories" WHERE ("categories"."id" = 4) [0m
  [4;36;1mCACHE (0.0ms)[0m   [0;1mSELECT * FROM "categories" WHERE ("categories"."id" = 4) [0m
  [4;35;1mCACHE (0.0ms)[0m   [0mSELECT * FROM "categories" WHERE ("categories"."id" = 4) [0m
  [4;36;1mCACHE (0.0ms)[0m   [0;1mSELECT * FROM "categories" WHERE ("categories"."id" = 4) [0m
  [4;35;1mCACHE (0.0ms)[0m   [0mSELECT * FROM "categories" WHERE ("categories"."id" = 4) [0m
  [4;36;1mCACHE (0.0ms)[0m   [0;1mSELECT * FROM "categories" WHERE ("categories"."id" = 1) [0m
  [4;35;1mCACHE (0.0ms)[0m   [0mSELECT * FROM "categories" WHERE ("categories"."id" = 1) [0m
  [4;36;1mCACHE (0.0ms)[0m   [0;1mSELECT * FROM "categories" WHERE ("categories"."id" = 4) [0m
  [4;35;1mCACHE (0.0ms)[0m   [0mSELECT * FROM "categories" WHERE ("categories"."id" = 4) [0m
  [4;36;1mCACHE (0.0ms)[0m   [0;1mSELECT * FROM "categories" WHERE ("categories"."id" = 4) [0m
  [4;35;1mCACHE (0.0ms)[0m   [0mSELECT * FROM "categories" WHERE ("categories"."id" = 4) [0m
  [4;36;1mCACHE (0.0ms)[0m   [0;1mSELECT * FROM "categories" WHERE ("categories"."id" = 4) [0m
  [4;35;1mCACHE (0.0ms)[0m   [0mSELECT * FROM "categories" WHERE ("categories"."id" = 4) [0m
  [4;36;1mCACHE (0.0ms)[0m   [0;1mSELECT * FROM "categories" WHERE ("categories"."id" = 4) [0m
  [4;35;1mCACHE (0.0ms)[0m   [0mSELECT * FROM "categories" WHERE ("categories"."id" = 4) [0m
  [4;36;1mCACHE (0.0ms)[0m   [0;1mSELECT * FROM "categories" WHERE ("categories"."id" = 4) [0m
  [4;35;1mCACHE (0.0ms)[0m   [0mSELECT * FROM "categories" WHERE ("categories"."id" = 4) [0m
  [4;36;1mCACHE (0.0ms)[0m   [0;1mSELECT * FROM "categories" WHERE ("categories"."id" = 1) [0m
  [4;35;1mCACHE (0.0ms)[0m   [0mSELECT * FROM "categories" WHERE ("categories"."id" = 4) [0m
  [4;36;1mCACHE (0.0ms)[0m   [0;1mSELECT * FROM "categories" WHERE ("categories"."id" = 4) [0m
  [4;35;1mCACHE (0.0ms)[0m   [0mSELECT * FROM "categories" WHERE ("categories"."id" = 4) [0m
  [4;36;1mCACHE (0.0ms)[0m   [0;1mSELECT * FROM "categories" WHERE ("categories"."id" = 4) [0m
  [4;35;1mCACHE (0.0ms)[0m   [0mSELECT * FROM "categories" WHERE ("categories"."id" = 4) [0m
  [4;36;1mCACHE (0.0ms)[0m   [0;1mSELECT * FROM "categories" WHERE ("categories"."id" = 4) [0m
  [4;35;1mCACHE (0.0ms)[0m   [0mSELECT * FROM "categories" WHERE ("categories"."id" = 4) [0m
  [4;36;1mCACHE (0.0ms)[0m   [0;1mSELECT * FROM "categories" WHERE ("categories"."id" = 4) [0m
  [4;35;1mCACHE (0.0ms)[0m   [0mSELECT * FROM "categories" WHERE ("categories"."id" = 4) [0m
  [4;36;1mCACHE (0.0ms)[0m   [0;1mSELECT * FROM "categories" WHERE ("categories"."id" = 1) [0m
  [4;35;1mCACHE (0.0ms)[0m   [0mSELECT * FROM "categories" WHERE ("categories"."id" = 4) [0m
  [4;36;1mCACHE (0.0ms)[0m   [0;1mSELECT * FROM "categories" WHERE ("categories"."id" = 4) [0m
  [4;35;1mCACHE (0.0ms)[0m   [0mSELECT * FROM "categories" WHERE ("categories"."id" = 4) [0m
  [4;36;1mCACHE (0.0ms)[0m   [0;1mSELECT * FROM "categories" WHERE ("categories"."id" = 4) [0m
  [4;35;1mCACHE (0.0ms)[0m   [0mSELECT * FROM "categories" WHERE ("categories"."id" = 4) [0m
  [4;36;1mCACHE (0.0ms)[0m   [0;1mSELECT * FROM "categories" WHERE ("categories"."id" = 1) [0m
  [4;35;1mCACHE (0.0ms)[0m   [0mSELECT * FROM "categories" WHERE ("categories"."id" = 4) [0m
  [4;36;1mCACHE (0.0ms)[0m   [0;1mSELECT * FROM "categories" WHERE ("categories"."id" = 1) [0m
  [4;35;1mCACHE (0.0ms)[0m   [0mSELECT * FROM "categories" WHERE ("categories"."id" = 1) [0m
  [4;36;1mCACHE (0.0ms)[0m   [0;1mSELECT * FROM "categories" WHERE ("categories"."id" = 1) [0m
  [4;35;1mCACHE (0.0ms)[0m   [0mSELECT * FROM "categories" WHERE ("categories"."id" = 4) [0m
  [4;36;1mCACHE (0.0ms)[0m   [0;1mSELECT * FROM "categories" WHERE ("categories"."id" = 4) [0m
  [4;35;1mCACHE (0.0ms)[0m   [0mSELECT * FROM "categories" WHERE ("categories"."id" = 4) [0m
  [4;36;1mCACHE (0.0ms)[0m   [0;1mSELECT * FROM "categories" WHERE ("categories"."id" = 4) [0m
  [4;35;1mCACHE (0.0ms)[0m   [0mSELECT * FROM "categories" WHERE ("categories"."id" = 4) [0m
  [4;36;1mCACHE (0.0ms)[0m   [0;1mSELECT * FROM "categories" WHERE ("categories"."id" = 4) [0m
  [4;35;1mCACHE (0.0ms)[0m   [0mSELECT * FROM "categories" WHERE ("categories"."id" = 4) [0m
  [4;36;1mCACHE (0.0ms)[0m   [0;1mSELECT * FROM "categories" WHERE ("categories"."id" = 4) [0m
  [4;35;1mCACHE (0.0ms)[0m   [0mSELECT * FROM "categories" WHERE ("categories"."id" = 4) [0m
  [4;36;1mCACHE (0.0ms)[0m   [0;1mSELECT * FROM "categories" WHERE ("categories"."id" = 4) [0m
  [4;35;1mCACHE (0.0ms)[0m   [0mSELECT * FROM "categories" WHERE ("categories"."id" = 4) [0m
  [4;36;1mCACHE (0.0ms)[0m   [0;1mSELECT * FROM "categories" WHERE ("categories"."id" = 4) [0m
  [4;35;1mCACHE (0.0ms)[0m   [0mSELECT * FROM "categories" WHERE ("categories"."id" = 4) [0m
  [4;36;1mCACHE (0.0ms)[0m   [0;1mSELECT * FROM "categories" WHERE ("categories"."id" = 4) [0m
  [4;35;1mCACHE (0.0ms)[0m   [0mSELECT * FROM "categories" WHERE ("categories"."id" = 4) [0m
  [4;36;1mCACHE (0.0ms)[0m   [0;1mSELECT * FROM "categories" WHERE ("categories"."id" = 1) [0m
  [4;35;1mCACHE (0.0ms)[0m   [0mSELECT * FROM "categories" WHERE ("categories"."id" = 4) [0m
  [4;36;1mCACHE (0.0ms)[0m   [0;1mSELECT * FROM "categories" WHERE ("categories"."id" = 4) [0m
  [4;35;1mCACHE (0.0ms)[0m   [0mSELECT * FROM "categories" WHERE ("categories"."id" = 4) [0m
  [4;36;1mCACHE (0.0ms)[0m   [0;1mSELECT * FROM "categories" WHERE ("categories"."id" = 4) [0m
  [4;35;1mCACHE (0.0ms)[0m   [0mSELECT * FROM "categories" WHERE ("categories"."id" = 4) [0m
  [4;36;1mCACHE (0.0ms)[0m   [0;1mSELECT * FROM "categories" WHERE ("categories"."id" = 4) [0m
  [4;35;1mCACHE (0.0ms)[0m   [0mSELECT * FROM "categories" WHERE ("categories"."id" = 4) [0m
  [4;36;1mCACHE (0.0ms)[0m   [0;1mSELECT * FROM "categories" WHERE ("categories"."id" = 4) [0m
  [4;35;1mCACHE (0.0ms)[0m   [0mSELECT * FROM "categories" WHERE ("categories"."id" = 4) [0m
  [4;36;1mCACHE (0.0ms)[0m   [0;1mSELECT * FROM "categories" WHERE ("categories"."id" = 4) [0m
  [4;35;1mCACHE (0.0ms)[0m   [0mSELECT * FROM "categories" WHERE ("categories"."id" = 4) [0m
  [4;36;1mCACHE (0.0ms)[0m   [0;1mSELECT * FROM "categories" WHERE ("categories"."id" = 4) [0m
  [4;35;1mCACHE (0.0ms)[0m   [0mSELECT * FROM "categories" WHERE ("categories"."id" = 4) [0m
  [4;36;1mCACHE (0.0ms)[0m   [0;1mSELECT * FROM "categories" WHERE ("categories"."id" = 1) [0m
  [4;35;1mCACHE (0.0ms)[0m   [0mSELECT * FROM "categories" WHERE ("categories"."id" = 1) [0m
  [4;36;1mCACHE (0.0ms)[0m   [0;1mSELECT * FROM "categories" WHERE ("categories"."id" = 4) [0m
  [4;35;1mCACHE (0.0ms)[0m   [0mSELECT * FROM "categories" WHERE ("categories"."id" = 4) [0m
  [4;36;1mCACHE (0.0ms)[0m   [0;1mSELECT * FROM "categories" WHERE ("categories"."id" = 4) [0m
  [4;35;1mCACHE (0.0ms)[0m   [0mSELECT * FROM "categories" WHERE ("categories"."id" = 4) [0m
  [4;36;1mCACHE (0.0ms)[0m   [0;1mSELECT * FROM "categories" WHERE ("categories"."id" = 1) [0m
  [4;35;1mCACHE (0.0ms)[0m   [0mSELECT * FROM "categories" WHERE ("categories"."id" = 4) [0m
  [4;36;1mCACHE (0.0ms)[0m   [0;1mSELECT * FROM "categories" WHERE ("categories"."id" = 4) [0m
  [4;35;1mCACHE (0.0ms)[0m   [0mSELECT * FROM "categories" WHERE ("categories"."id" = 4) [0m
  [4;36;1mCACHE (0.0ms)[0m   [0;1mSELECT * FROM "categories" WHERE ("categories"."id" = 1) [0m
  [4;35;1mCACHE (0.0ms)[0m   [0mSELECT * FROM "categories" WHERE ("categories"."id" = 4) [0m
  [4;36;1mCACHE (0.0ms)[0m   [0;1mSELECT * FROM "categories" WHERE ("categories"."id" = 4) [0m
  [4;35;1mCACHE (0.0ms)[0m   [0mSELECT * FROM "categories" WHERE ("categories"."id" = 4) [0m
  [4;36;1mCACHE (0.0ms)[0m   [0;1mSELECT * FROM "categories" WHERE ("categories"."id" = 4) [0m
  [4;35;1mCACHE (0.0ms)[0m   [0mSELECT * FROM "categories" WHERE ("categories"."id" = 4) [0m
  [4;36;1mCACHE (0.0ms)[0m   [0;1mSELECT * FROM "categories" WHERE ("categories"."id" = 4) [0m
  [4;35;1mCACHE (0.0ms)[0m   [0mSELECT * FROM "categories" WHERE ("categories"."id" = 4) [0m
  [4;36;1mCACHE (0.0ms)[0m   [0;1mSELECT * FROM "categories" WHERE ("categories"."id" = 4) [0m
  [4;35;1mCACHE (0.0ms)[0m   [0mSELECT * FROM "categories" WHERE ("categories"."id" = 4) [0m
  [4;36;1mCACHE (0.0ms)[0m   [0;1mSELECT * FROM "categories" WHERE ("categories"."id" = 1) [0m
  [4;35;1mCACHE (0.0ms)[0m   [0mSELECT * FROM "categories" WHERE ("categories"."id" = 4) [0m
  [4;36;1mCACHE (0.0ms)[0m   [0;1mSELECT * FROM "categories" WHERE ("categories"."id" = 4) [0m
  [4;35;1mCACHE (0.0ms)[0m   [0mSELECT * FROM "categories" WHERE ("categories"."id" = 4) [0m
  [4;36;1mCACHE (0.0ms)[0m   [0;1mSELECT * FROM "categories" WHERE ("categories"."id" = 4) [0m
  [4;35;1mCACHE (0.0ms)[0m   [0mSELECT * FROM "categories" WHERE ("categories"."id" = 4) [0m
  [4;36;1mCACHE (0.0ms)[0m   [0;1mSELECT * FROM "categories" WHERE ("categories"."id" = 4) [0m
  [4;35;1mCACHE (0.0ms)[0m   [0mSELECT * FROM "categories" WHERE ("categories"."id" = 1) [0m
  [4;36;1mCACHE (0.0ms)[0m   [0;1mSELECT * FROM "categories" WHERE ("categories"."id" = 4) [0m
  [4;35;1mCACHE (0.0ms)[0m   [0mSELECT * FROM "categories" WHERE ("categories"."id" = 4) [0m
  [4;36;1mCACHE (0.0ms)[0m   [0;1mSELECT * FROM "categories" WHERE ("categories"."id" = 4) [0m
  [4;35;1mCACHE (0.0ms)[0m   [0mSELECT * FROM "categories" WHERE ("categories"."id" = 4) [0m
  [4;36;1mCACHE (0.0ms)[0m   [0;1mSELECT * FROM "categories" WHERE ("categories"."id" = 4) [0m
  [4;35;1mCACHE (0.0ms)[0m   [0mSELECT * FROM "categories" WHERE ("categories"."id" = 4) [0m
  [4;36;1mCACHE (0.0ms)[0m   [0;1mSELECT * FROM "categories" WHERE ("categories"."id" = 4) [0m
  [4;35;1mCACHE (0.0ms)[0m   [0mSELECT * FROM "categories" WHERE ("categories"."id" = 4) [0m
  [4;36;1mCACHE (0.0ms)[0m   [0;1mSELECT * FROM "categories" WHERE ("categories"."id" = 4) [0m
  [4;35;1mCACHE (0.0ms)[0m   [0mSELECT * FROM "categories" WHERE ("categories"."id" = 4) [0m
  [4;36;1mCACHE (0.0ms)[0m   [0;1mSELECT * FROM "categories" WHERE ("categories"."id" = 4) [0m
  [4;35;1mCACHE (0.0ms)[0m   [0mSELECT * FROM "categories" WHERE ("categories"."id" = 4) [0m
  [4;36;1mCACHE (0.0ms)[0m   [0;1mSELECT * FROM "categories" WHERE ("categories"."id" = 4) [0m
  [4;35;1mCACHE (0.0ms)[0m   [0mSELECT * FROM "categories" WHERE ("categories"."id" = 4) [0m
  [4;36;1mCACHE (0.0ms)[0m   [0;1mSELECT * FROM "categories" WHERE ("categories"."id" = 4) [0m
  [4;35;1mCACHE (0.0ms)[0m   [0mSELECT * FROM "categories" WHERE ("categories"."id" = 1) [0m
  [4;36;1mCACHE (0.0ms)[0m   [0;1mSELECT * FROM "categories" WHERE ("categories"."id" = 4) [0m
  [4;35;1mCACHE (0.0ms)[0m   [0mSELECT * FROM "categories" WHERE ("categories"."id" = 4) [0m
  [4;36;1mCACHE (0.0ms)[0m   [0;1mSELECT * FROM "categories" WHERE ("categories"."id" = 4) [0m
  [4;35;1mCACHE (0.0ms)[0m   [0mSELECT * FROM "categories" WHERE ("categories"."id" = 4) [0m
  [4;36;1mCACHE (0.0ms)[0m   [0;1mSELECT * FROM "categories" WHERE ("categories"."id" = 4) [0m
  [4;35;1mCACHE (0.0ms)[0m   [0mSELECT * FROM "categories" WHERE ("categories"."id" = 4) [0m
  [4;36;1mCACHE (0.0ms)[0m   [0;1mSELECT * FROM "categories" WHERE ("categories"."id" = 4) [0m
  [4;35;1mCACHE (0.0ms)[0m   [0mSELECT * FROM "categories" WHERE ("categories"."id" = 4) [0m
  [4;36;1mCACHE (0.0ms)[0m   [0;1mSELECT * FROM "categories" WHERE ("categories"."id" = 4) [0m
  [4;35;1mCACHE (0.0ms)[0m   [0mSELECT * FROM "categories" WHERE ("categories"."id" = 4) [0m
  [4;36;1mCACHE (0.0ms)[0m   [0;1mSELECT * FROM "categories" WHERE ("categories"."id" = 4) [0m
  [4;35;1mCACHE (0.0ms)[0m   [0mSELECT * FROM "categories" WHERE ("categories"."id" = 4) [0m
  [4;36;1mCACHE (0.0ms)[0m   [0;1mSELECT * FROM "categories" WHERE ("categories"."id" = 4) [0m
  [4;35;1mCACHE (0.0ms)[0m   [0mSELECT * FROM "categories" WHERE ("categories"."id" = 4) [0m
  [4;36;1mCACHE (0.0ms)[0m   [0;1mSELECT * FROM "categories" WHERE ("categories"."id" = 4) [0m
  [4;35;1mCACHE (0.0ms)[0m   [0mSELECT * FROM "categories" WHERE ("categories"."id" = 4) [0m
  [4;36;1mCACHE (0.0ms)[0m   [0;1mSELECT * FROM "categories" WHERE ("categories"."id" = 4) [0m
  [4;35;1mCACHE (0.0ms)[0m   [0mSELECT * FROM "categories" WHERE ("categories"."id" = 4) [0m
  [4;36;1mCACHE (0.0ms)[0m   [0;1mSELECT * FROM "categories" WHERE ("categories"."id" = 4) [0m
  [4;35;1mCACHE (0.0ms)[0m   [0mSELECT * FROM "categories" WHERE ("categories"."id" = 4) [0m
  [4;36;1mCACHE (0.0ms)[0m   [0;1mSELECT * FROM "categories" WHERE ("categories"."id" = 4) [0m
  [4;35;1mCACHE (0.0ms)[0m   [0mSELECT * FROM "categories" WHERE ("categories"."id" = 4) [0m
  [4;36;1mCACHE (0.0ms)[0m   [0;1mSELECT * FROM "categories" WHERE ("categories"."id" = 4) [0m
  [4;35;1mCACHE (0.0ms)[0m   [0mSELECT * FROM "categories" WHERE ("categories"."id" = 4) [0m
  [4;36;1mCACHE (0.0ms)[0m   [0;1mSELECT * FROM "categories" WHERE ("categories"."id" = 4) [0m
  [4;35;1mCACHE (0.0ms)[0m   [0mSELECT * FROM "categories" WHERE ("categories"."id" = 4) [0m
  [4;36;1mCACHE (0.0ms)[0m   [0;1mSELECT * FROM "categories" WHERE ("categories"."id" = 4) [0m
  [4;35;1mCACHE (0.0ms)[0m   [0mSELECT * FROM "categories" WHERE ("categories"."id" = 4) [0m
  [4;36;1mCACHE (0.0ms)[0m   [0;1mSELECT * FROM "categories" WHERE ("categories"."id" = 4) [0m
  [4;35;1mCACHE (0.0ms)[0m   [0mSELECT * FROM "categories" WHERE ("categories"."id" = 4) [0m
  [4;36;1mCACHE (0.0ms)[0m   [0;1mSELECT * FROM "categories" WHERE ("categories"."id" = 4) [0m
  [4;35;1mCACHE (0.0ms)[0m   [0mSELECT * FROM "categories" WHERE ("categories"."id" = 4) [0m
  [4;36;1mCACHE (0.0ms)[0m   [0;1mSELECT * FROM "categories" WHERE ("categories"."id" = 1) [0m
  [4;35;1mCACHE (0.0ms)[0m   [0mSELECT * FROM "categories" WHERE ("categories"."id" = 4) [0m
  [4;36;1mCACHE (0.0ms)[0m   [0;1mSELECT * FROM "categories" WHERE ("categories"."id" = 4) [0m
  [4;35;1mCACHE (0.0ms)[0m   [0mSELECT * FROM "categories" WHERE ("categories"."id" = 4) [0m
  [4;36;1mCACHE (0.0ms)[0m   [0;1mSELECT * FROM "categories" WHERE ("categories"."id" = 4) [0m
  [4;35;1mCACHE (0.0ms)[0m   [0mSELECT * FROM "categories" WHERE ("categories"."id" = 4) [0m
  [4;36;1mCACHE (0.0ms)[0m   [0;1mSELECT * FROM "categories" WHERE ("categories"."id" = 4) [0m
  [4;35;1mCACHE (0.0ms)[0m   [0mSELECT * FROM "categories" WHERE ("categories"."id" = 4) [0m
  [4;36;1mCACHE (0.0ms)[0m   [0;1mSELECT * FROM "categories" WHERE ("categories"."id" = 4) [0m
  [4;35;1mCACHE (0.0ms)[0m   [0mSELECT * FROM "categories" WHERE ("categories"."id" = 1) [0m
  [4;36;1mCACHE (0.0ms)[0m   [0;1mSELECT * FROM "categories" WHERE ("categories"."id" = 4) [0m
  [4;35;1mCACHE (0.0ms)[0m   [0mSELECT * FROM "categories" WHERE ("categories"."id" = 4) [0m
  [4;36;1mCACHE (0.0ms)[0m   [0;1mSELECT * FROM "categories" WHERE ("categories"."id" = 4) [0m
  [4;35;1mCACHE (0.0ms)[0m   [0mSELECT * FROM "categories" WHERE ("categories"."id" = 4) [0m
  [4;36;1mCACHE (0.0ms)[0m   [0;1mSELECT * FROM "categories" WHERE ("categories"."id" = 4) [0m
  [4;35;1mCACHE (0.0ms)[0m   [0mSELECT * FROM "categories" WHERE ("categories"."id" = 4) [0m
  [4;36;1mCACHE (0.0ms)[0m   [0;1mSELECT * FROM "categories" WHERE ("categories"."id" = 4) [0m
  [4;35;1mCACHE (0.0ms)[0m   [0mSELECT * FROM "categories" WHERE ("categories"."id" = 1) [0m
  [4;36;1mCACHE (0.0ms)[0m   [0;1mSELECT * FROM "categories" WHERE ("categories"."id" = 1) [0m
  [4;35;1mCACHE (0.0ms)[0m   [0mSELECT * FROM "categories" WHERE ("categories"."id" = 1) [0m
  [4;36;1mCACHE (0.0ms)[0m   [0;1mSELECT * FROM "categories" WHERE ("categories"."id" = 4) [0m
  [4;35;1mCACHE (0.0ms)[0m   [0mSELECT * FROM "categories" WHERE ("categories"."id" = 4) [0m
  [4;36;1mCACHE (0.0ms)[0m   [0;1mSELECT * FROM "categories" WHERE ("categories"."id" = 4) [0m
  [4;35;1mCACHE (0.0ms)[0m   [0mSELECT * FROM "categories" WHERE ("categories"."id" = 4) [0m
  [4;36;1mCACHE (0.0ms)[0m   [0;1mSELECT * FROM "categories" WHERE ("categories"."id" = 4) [0m
  [4;35;1mCACHE (0.0ms)[0m   [0mSELECT * FROM "categories" WHERE ("categories"."id" = 4) [0m
  [4;36;1mCACHE (0.0ms)[0m   [0;1mSELECT * FROM "categories" WHERE ("categories"."id" = 4) [0m
  [4;35;1mCACHE (0.0ms)[0m   [0mSELECT * FROM "categories" WHERE ("categories"."id" = 4) [0m
  [4;36;1mCACHE (0.0ms)[0m   [0;1mSELECT * FROM "categories" WHERE ("categories"."id" = 4) [0m
  [4;35;1mCACHE (0.0ms)[0m   [0mSELECT * FROM "categories" WHERE ("categories"."id" = 4) [0m
  [4;36;1mCACHE (0.0ms)[0m   [0;1mSELECT * FROM "categories" WHERE ("categories"."id" = 4) [0m
  [4;35;1mCACHE (0.0ms)[0m   [0mSELECT * FROM "categories" WHERE ("categories"."id" = 4) [0m
  [4;36;1mCACHE (0.0ms)[0m   [0;1mSELECT * FROM "categories" WHERE ("categories"."id" = 4) [0m
  [4;35;1mCategory Load (0.2ms)[0m   [0mSELECT * FROM "categories" WHERE ("categories"."id" = 3) [0m
  [4;36;1mCACHE (0.0ms)[0m   [0;1mSELECT * FROM "categories" WHERE ("categories"."id" = 4) [0m
  [4;35;1mCACHE (0.0ms)[0m   [0mSELECT * FROM "categories" WHERE ("categories"."id" = 3) [0m
  [4;36;1mCACHE (0.0ms)[0m   [0;1mSELECT * FROM "categories" WHERE ("categories"."id" = 3) [0m
  [4;35;1mCACHE (0.0ms)[0m   [0mSELECT * FROM "categories" WHERE ("categories"."id" = 3) [0m
  [4;36;1mCACHE (0.0ms)[0m   [0;1mSELECT * FROM "categories" WHERE ("categories"."id" = 4) [0m
  [4;35;1mCACHE (0.0ms)[0m   [0mSELECT * FROM "categories" WHERE ("categories"."id" = 4) [0m
  [4;36;1mCACHE (0.0ms)[0m   [0;1mSELECT * FROM "categories" WHERE ("categories"."id" = 3) [0m
  [4;35;1mCACHE (0.0ms)[0m   [0mSELECT * FROM "categories" WHERE ("categories"."id" = 4) [0m
  [4;36;1mCACHE (0.0ms)[0m   [0;1mSELECT * FROM "categories" WHERE ("categories"."id" = 4) [0m
  [4;35;1mCACHE (0.0ms)[0m   [0mSELECT * FROM "categories" WHERE ("categories"."id" = 4) [0m
  [4;36;1mCACHE (0.0ms)[0m   [0;1mSELECT * FROM "categories" WHERE ("categories"."id" = 4) [0m
  [4;35;1mCACHE (0.0ms)[0m   [0mSELECT * FROM "categories" WHERE ("categories"."id" = 3) [0m
  [4;36;1mCACHE (0.0ms)[0m   [0;1mSELECT * FROM "categories" WHERE ("categories"."id" = 4) [0m
  [4;35;1mCACHE (0.0ms)[0m   [0mSELECT * FROM "categories" WHERE ("categories"."id" = 4) [0m
  [4;36;1mCACHE (0.0ms)[0m   [0;1mSELECT * FROM "categories" WHERE ("categories"."id" = 4) [0m
  [4;35;1mCACHE (0.0ms)[0m   [0mSELECT * FROM "categories" WHERE ("categories"."id" = 4) [0m
  [4;36;1mCACHE (0.0ms)[0m   [0;1mSELECT * FROM "categories" WHERE ("categories"."id" = 4) [0m
  [4;35;1mCACHE (0.0ms)[0m   [0mSELECT * FROM "categories" WHERE ("categories"."id" = 4) [0m
  [4;36;1mCACHE (0.0ms)[0m   [0;1mSELECT * FROM "categories" WHERE ("categories"."id" = 4) [0m
  [4;35;1mCACHE (0.0ms)[0m   [0mSELECT * FROM "categories" WHERE ("categories"."id" = 4) [0m
  [4;36;1mCACHE (0.0ms)[0m   [0;1mSELECT * FROM "categories" WHERE ("categories"."id" = 4) [0m
  [4;35;1mCACHE (0.0ms)[0m   [0mSELECT * FROM "categories" WHERE ("categories"."id" = 4) [0m
  [4;36;1mCACHE (0.0ms)[0m   [0;1mSELECT * FROM "categories" WHERE ("categories"."id" = 4) [0m
  [4;35;1mCACHE (0.0ms)[0m   [0mSELECT * FROM "categories" WHERE ("categories"."id" = 4) [0m
  [4;36;1mCACHE (0.0ms)[0m   [0;1mSELECT * FROM "categories" WHERE ("categories"."id" = 4) [0m
  [4;35;1mCACHE (0.0ms)[0m   [0mSELECT * FROM "categories" WHERE ("categories"."id" = 4) [0m
  [4;36;1mCACHE (0.0ms)[0m   [0;1mSELECT * FROM "categories" WHERE ("categories"."id" = 4) [0m
  [4;35;1mCACHE (0.0ms)[0m   [0mSELECT * FROM "categories" WHERE ("categories"."id" = 3) [0m
  [4;36;1mCACHE (0.0ms)[0m   [0;1mSELECT * FROM "categories" WHERE ("categories"."id" = 4) [0m
  [4;35;1mCACHE (0.0ms)[0m   [0mSELECT * FROM "categories" WHERE ("categories"."id" = 4) [0m
  [4;36;1mCACHE (0.0ms)[0m   [0;1mSELECT * FROM "categories" WHERE ("categories"."id" = 4) [0m
  [4;35;1mCACHE (0.0ms)[0m   [0mSELECT * FROM "categories" WHERE ("categories"."id" = 3) [0m
  [4;36;1mCACHE (0.0ms)[0m   [0;1mSELECT * FROM "categories" WHERE ("categories"."id" = 4) [0m
  [4;35;1mCACHE (0.0ms)[0m   [0mSELECT * FROM "categories" WHERE ("categories"."id" = 3) [0m
  [4;36;1mCACHE (0.0ms)[0m   [0;1mSELECT * FROM "categories" WHERE ("categories"."id" = 3) [0m
  [4;35;1mCACHE (0.0ms)[0m   [0mSELECT * FROM "categories" WHERE ("categories"."id" = 4) [0m
  [4;36;1mCACHE (0.0ms)[0m   [0;1mSELECT * FROM "categories" WHERE ("categories"."id" = 4) [0m
  [4;35;1mCACHE (0.0ms)[0m   [0mSELECT * FROM "categories" WHERE ("categories"."id" = 4) [0m
  [4;36;1mCACHE (0.0ms)[0m   [0;1mSELECT * FROM "categories" WHERE ("categories"."id" = 4) [0m
  [4;35;1mCACHE (0.0ms)[0m   [0mSELECT * FROM "categories" WHERE ("categories"."id" = 4) [0m
  [4;36;1mCACHE (0.0ms)[0m   [0;1mSELECT * FROM "categories" WHERE ("categories"."id" = 3) [0m
  [4;35;1mCACHE (0.0ms)[0m   [0mSELECT * FROM "categories" WHERE ("categories"."id" = 4) [0m
  [4;36;1mCACHE (0.0ms)[0m   [0;1mSELECT * FROM "categories" WHERE ("categories"."id" = 3) [0m
  [4;35;1mCACHE (0.0ms)[0m   [0mSELECT * FROM "categories" WHERE ("categories"."id" = 3) [0m
  [4;36;1mCACHE (0.0ms)[0m   [0;1mSELECT * FROM "categories" WHERE ("categories"."id" = 4) [0m
  [4;35;1mCACHE (0.0ms)[0m   [0mSELECT * FROM "categories" WHERE ("categories"."id" = 4) [0m
  [4;36;1mCACHE (0.0ms)[0m   [0;1mSELECT * FROM "categories" WHERE ("categories"."id" = 4) [0m
  [4;35;1mCACHE (0.0ms)[0m   [0mSELECT * FROM "categories" WHERE ("categories"."id" = 4) [0m
  [4;36;1mCACHE (0.0ms)[0m   [0;1mSELECT * FROM "categories" WHERE ("categories"."id" = 4) [0m
  [4;35;1mCACHE (0.0ms)[0m   [0mSELECT * FROM "categories" WHERE ("categories"."id" = 4) [0m
  [4;36;1mCACHE (0.0ms)[0m   [0;1mSELECT * FROM "categories" WHERE ("categories"."id" = 4) [0m
  [4;35;1mCACHE (0.0ms)[0m   [0mSELECT * FROM "categories" WHERE ("categories"."id" = 4) [0m
  [4;36;1mCACHE (0.0ms)[0m   [0;1mSELECT * FROM "categories" WHERE ("categories"."id" = 4) [0m
  [4;35;1mCACHE (0.0ms)[0m   [0mSELECT * FROM "categories" WHERE ("categories"."id" = 4) [0m
  [4;36;1mCACHE (0.0ms)[0m   [0;1mSELECT * FROM "categories" WHERE ("categories"."id" = 4) [0m
  [4;35;1mCACHE (0.0ms)[0m   [0mSELECT * FROM "categories" WHERE ("categories"."id" = 4) [0m
  [4;36;1mCACHE (0.0ms)[0m   [0;1mSELECT * FROM "categories" WHERE ("categories"."id" = 4) [0m
  [4;35;1mCACHE (0.0ms)[0m   [0mSELECT * FROM "categories" WHERE ("categories"."id" = 4) [0m
  [4;36;1mCACHE (0.0ms)[0m   [0;1mSELECT * FROM "categories" WHERE ("categories"."id" = 4) [0m
  [4;35;1mCACHE (0.0ms)[0m   [0mSELECT * FROM "categories" WHERE ("categories"."id" = 4) [0m
  [4;36;1mCACHE (0.0ms)[0m   [0;1mSELECT * FROM "categories" WHERE ("categories"."id" = 4) [0m
  [4;35;1mCACHE (0.0ms)[0m   [0mSELECT * FROM "categories" WHERE ("categories"."id" = 4) [0m
  [4;36;1mCACHE (0.0ms)[0m   [0;1mSELECT * FROM "categories" WHERE ("categories"."id" = 4) [0m
  [4;35;1mCACHE (0.0ms)[0m   [0mSELECT * FROM "categories" WHERE ("categories"."id" = 4) [0m
  [4;36;1mCACHE (0.0ms)[0m   [0;1mSELECT * FROM "categories" WHERE ("categories"."id" = 4) [0m
  [4;35;1mCACHE (0.0ms)[0m   [0mSELECT * FROM "categories" WHERE ("categories"."id" = 4) [0m
  [4;36;1mCACHE (0.0ms)[0m   [0;1mSELECT * FROM "categories" WHERE ("categories"."id" = 4) [0m
  [4;35;1mCACHE (0.0ms)[0m   [0mSELECT * FROM "categories" WHERE ("categories"."id" = 4) [0m
  [4;36;1mCACHE (0.0ms)[0m   [0;1mSELECT * FROM "categories" WHERE ("categories"."id" = 4) [0m
  [4;35;1mCACHE (0.0ms)[0m   [0mSELECT * FROM "categories" WHERE ("categories"."id" = 3) [0m
  [4;36;1mCACHE (0.0ms)[0m   [0;1mSELECT * FROM "categories" WHERE ("categories"."id" = 3) [0m
  [4;35;1mCACHE (0.0ms)[0m   [0mSELECT * FROM "categories" WHERE ("categories"."id" = 4) [0m
  [4;36;1mCACHE (0.0ms)[0m   [0;1mSELECT * FROM "categories" WHERE ("categories"."id" = 4) [0m
  [4;35;1mCACHE (0.0ms)[0m   [0mSELECT * FROM "categories" WHERE ("categories"."id" = 3) [0m
  [4;36;1mCACHE (0.0ms)[0m   [0;1mSELECT * FROM "categories" WHERE ("categories"."id" = 4) [0m
  [4;35;1mCACHE (0.0ms)[0m   [0mSELECT * FROM "categories" WHERE ("categories"."id" = 4) [0m
  [4;36;1mCACHE (0.0ms)[0m   [0;1mSELECT * FROM "categories" WHERE ("categories"."id" = 4) [0m
  [4;35;1mCACHE (0.0ms)[0m   [0mSELECT * FROM "categories" WHERE ("categories"."id" = 4) [0m
  [4;36;1mCACHE (0.0ms)[0m   [0;1mSELECT * FROM "categories" WHERE ("categories"."id" = 4) [0m
  [4;35;1mCACHE (0.0ms)[0m   [0mSELECT * FROM "categories" WHERE ("categories"."id" = 4) [0m
  [4;36;1mCACHE (0.0ms)[0m   [0;1mSELECT * FROM "categories" WHERE ("categories"."id" = 3) [0m
  [4;35;1mCACHE (0.0ms)[0m   [0mSELECT * FROM "categories" WHERE ("categories"."id" = 4) [0m
  [4;36;1mCACHE (0.0ms)[0m   [0;1mSELECT * FROM "categories" WHERE ("categories"."id" = 4) [0m
  [4;35;1mCACHE (0.0ms)[0m   [0mSELECT * FROM "categories" WHERE ("categories"."id" = 3) [0m
  [4;36;1mCACHE (0.0ms)[0m   [0;1mSELECT * FROM "categories" WHERE ("categories"."id" = 4) [0m
  [4;35;1mCACHE (0.0ms)[0m   [0mSELECT * FROM "categories" WHERE ("categories"."id" = 4) [0m
  [4;36;1mCACHE (0.0ms)[0m   [0;1mSELECT * FROM "categories" WHERE ("categories"."id" = 4) [0m
  [4;35;1mCACHE (0.0ms)[0m   [0mSELECT * FROM "categories" WHERE ("categories"."id" = 4) [0m
  [4;36;1mCACHE (0.0ms)[0m   [0;1mSELECT * FROM "categories" WHERE ("categories"."id" = 4) [0m
  [4;35;1mCACHE (0.0ms)[0m   [0mSELECT * FROM "categories" WHERE ("categories"."id" = 4) [0m
  [4;36;1mCACHE (0.0ms)[0m   [0;1mSELECT * FROM "categories" WHERE ("categories"."id" = 4) [0m
  [4;35;1mCACHE (0.0ms)[0m   [0mSELECT * FROM "categories" WHERE ("categories"."id" = 4) [0m
  [4;36;1mCACHE (0.0ms)[0m   [0;1mSELECT * FROM "categories" WHERE ("categories"."id" = 4) [0m
  [4;35;1mCACHE (0.0ms)[0m   [0mSELECT * FROM "categories" WHERE ("categories"."id" = 4) [0m
  [4;36;1mCACHE (0.0ms)[0m   [0;1mSELECT * FROM "categories" WHERE ("categories"."id" = 4) [0m
  [4;35;1mCACHE (0.0ms)[0m   [0mSELECT * FROM "categories" WHERE ("categories"."id" = 4) [0m
  [4;36;1mCACHE (0.0ms)[0m   [0;1mSELECT * FROM "categories" WHERE ("categories"."id" = 4) [0m
  [4;35;1mCACHE (0.0ms)[0m   [0mSELECT * FROM "categories" WHERE ("categories"."id" = 4) [0m
  [4;36;1mCACHE (0.0ms)[0m   [0;1mSELECT * FROM "categories" WHERE ("categories"."id" = 4) [0m
  [4;35;1mCACHE (0.0ms)[0m   [0mSELECT * FROM "categories" WHERE ("categories"."id" = 4) [0m
  [4;36;1mCACHE (0.0ms)[0m   [0;1mSELECT * FROM "categories" WHERE ("categories"."id" = 4) [0m
  [4;35;1mCACHE (0.0ms)[0m   [0mSELECT * FROM "categories" WHERE ("categories"."id" = 4) [0m
  [4;36;1mCACHE (0.0ms)[0m   [0;1mSELECT * FROM "categories" WHERE ("categories"."id" = 4) [0m
  [4;35;1mCACHE (0.0ms)[0m   [0mSELECT * FROM "categories" WHERE ("categories"."id" = 4) [0m
  [4;36;1mCACHE (0.0ms)[0m   [0;1mSELECT * FROM "categories" WHERE ("categories"."id" = 4) [0m
  [4;35;1mCACHE (0.0ms)[0m   [0mSELECT * FROM "categories" WHERE ("categories"."id" = 4) [0m
  [4;36;1mCACHE (0.0ms)[0m   [0;1mSELECT * FROM "categories" WHERE ("categories"."id" = 4) [0m
  [4;35;1mCACHE (0.0ms)[0m   [0mSELECT * FROM "categories" WHERE ("categories"."id" = 3) [0m
  [4;36;1mCACHE (0.0ms)[0m   [0;1mSELECT * FROM "categories" WHERE ("categories"."id" = 4) [0m
  [4;35;1mCACHE (0.0ms)[0m   [0mSELECT * FROM "categories" WHERE ("categories"."id" = 4) [0m
  [4;36;1mCACHE (0.0ms)[0m   [0;1mSELECT * FROM "categories" WHERE ("categories"."id" = 4) [0m
  [4;35;1mCACHE (0.0ms)[0m   [0mSELECT * FROM "categories" WHERE ("categories"."id" = 4) [0m
  [4;36;1mCACHE (0.0ms)[0m   [0;1mSELECT * FROM "categories" WHERE ("categories"."id" = 4) [0m
  [4;35;1mCACHE (0.0ms)[0m   [0mSELECT * FROM "categories" WHERE ("categories"."id" = 4) [0m
  [4;36;1mCACHE (0.0ms)[0m   [0;1mSELECT * FROM "categories" WHERE ("categories"."id" = 4) [0m
  [4;35;1mCACHE (0.0ms)[0m   [0mSELECT * FROM "categories" WHERE ("categories"."id" = 4) [0m
  [4;36;1mCACHE (0.0ms)[0m   [0;1mSELECT * FROM "categories" WHERE ("categories"."id" = 4) [0m
  [4;35;1mCACHE (0.0ms)[0m   [0mSELECT * FROM "categories" WHERE ("categories"."id" = 3) [0m
  [4;36;1mCACHE (0.0ms)[0m   [0;1mSELECT * FROM "categories" WHERE ("categories"."id" = 4) [0m
  [4;35;1mCACHE (0.0ms)[0m   [0mSELECT * FROM "categories" WHERE ("categories"."id" = 4) [0m
  [4;36;1mCACHE (0.0ms)[0m   [0;1mSELECT * FROM "categories" WHERE ("categories"."id" = 3) [0m
  [4;35;1mCACHE (0.0ms)[0m   [0mSELECT * FROM "categories" WHERE ("categories"."id" = 4) [0m
  [4;36;1mCACHE (0.0ms)[0m   [0;1mSELECT * FROM "categories" WHERE ("categories"."id" = 4) [0m
  [4;35;1mCACHE (0.0ms)[0m   [0mSELECT * FROM "categories" WHERE ("categories"."id" = 4) [0m
  [4;36;1mCACHE (0.0ms)[0m   [0;1mSELECT * FROM "categories" WHERE ("categories"."id" = 4) [0m
  [4;35;1mCACHE (0.0ms)[0m   [0mSELECT * FROM "categories" WHERE ("categories"."id" = 4) [0m
  [4;36;1mCACHE (0.0ms)[0m   [0;1mSELECT * FROM "categories" WHERE ("categories"."id" = 4) [0m
  [4;35;1mCACHE (0.0ms)[0m   [0mSELECT * FROM "categories" WHERE ("categories"."id" = 4) [0m
  [4;36;1mCACHE (0.0ms)[0m   [0;1mSELECT * FROM "categories" WHERE ("categories"."id" = 4) [0m
  [4;35;1mCACHE (0.0ms)[0m   [0mSELECT * FROM "categories" WHERE ("categories"."id" = 4) [0m
  [4;36;1mCACHE (0.0ms)[0m   [0;1mSELECT * FROM "categories" WHERE ("categories"."id" = 4) [0m
  [4;35;1mCACHE (0.0ms)[0m   [0mSELECT * FROM "categories" WHERE ("categories"."id" = 4) [0m
  [4;36;1mCACHE (0.0ms)[0m   [0;1mSELECT * FROM "categories" WHERE ("categories"."id" = 4) [0m
  [4;35;1mCACHE (0.0ms)[0m   [0mSELECT * FROM "categories" WHERE ("categories"."id" = 4) [0m
  [4;36;1mCACHE (0.0ms)[0m   [0;1mSELECT * FROM "categories" WHERE ("categories"."id" = 4) [0m
  [4;35;1mCACHE (0.0ms)[0m   [0mSELECT * FROM "categories" WHERE ("categories"."id" = 4) [0m
  [4;36;1mCACHE (0.0ms)[0m   [0;1mSELECT * FROM "categories" WHERE ("categories"."id" = 4) [0m
  [4;35;1mCACHE (0.0ms)[0m   [0mSELECT * FROM "categories" WHERE ("categories"."id" = 4) [0m
  [4;36;1mCACHE (0.0ms)[0m   [0;1mSELECT * FROM "tasks" [0m
  [4;35;1mTask Load (0.3ms)[0m   [0mSELECT * FROM "tasks" WHERE ("tasks"."id" = 1) [0m
  [4;36;1mCACHE (0.0ms)[0m   [0;1mSELECT * FROM "tasks" WHERE ("tasks"."id" = 1) [0m
  [4;35;1mCACHE (0.0ms)[0m   [0mSELECT * FROM "tasks" [0m
  [4;36;1mCACHE (0.0ms)[0m   [0;1mSELECT * FROM "tasks" [0m
  [4;35;1mCACHE (0.0ms)[0m   [0mSELECT * FROM "tasks" [0m
  [4;36;1mCACHE (0.0ms)[0m   [0;1mSELECT * FROM "tasks" [0m
  [4;35;1mCACHE (0.0ms)[0m   [0mSELECT * FROM "tasks" [0m
  [4;36;1mTask Load (230.0ms)[0m   [0;1mSELECT * FROM "tasks" WHERE (category_id=4) [0m
  [4;35;1mCategory Load (0.3ms)[0m   [0mSELECT * FROM "categories" [0m
  [4;36;1mCACHE (0.0ms)[0m   [0;1mSELECT * FROM "tasks" WHERE (category_id=4) [0m
  [4;35;1mCACHE (0.0ms)[0m   [0mSELECT * FROM "tasks" [0m
  [4;36;1mTask Load (2.9ms)[0m   [0;1mSELECT * FROM "tasks" WHERE (category_id=3) [0m
  [4;35;1mCACHE (0.0ms)[0m   [0mSELECT * FROM "tasks" WHERE (category_id=3) [0m
  [4;36;1mCACHE (0.0ms)[0m   [0;1mSELECT * FROM "categories" WHERE ("categories"."id" = 3) [0m
  [4;35;1mTask Load (0.6ms)[0m   [0mSELECT * FROM "tasks" ORDER BY tasks.id DESC LIMIT 1[0m
  [4;36;1mTask Load (0.4ms)[0m   [0;1mSELECT * FROM "tasks" WHERE ("tasks"."category_id" = 3) ORDER BY tasks.id DESC LIMIT 1[0m
  [4;35;1mTask Load (0.6ms)[0m   [0mSELECT * FROM "tasks" WHERE ("tasks"."category_id" = 4) ORDER BY tasks.id DESC LIMIT 1[0m
  [4;36;1mCACHE (0.0ms)[0m   [0;1mSELECT * FROM "tasks" WHERE ("tasks"."category_id" = 4) ORDER BY tasks.id DESC LIMIT 1[0m
  [4;35;1mCACHE (0.0ms)[0m   [0mSELECT * FROM "tasks" WHERE ("tasks"."category_id" = 4) ORDER BY tasks.id DESC LIMIT 1[0m
  [4;36;1mCACHE (0.0ms)[0m   [0;1mSELECT * FROM "categories" [0m
  [4;35;1mCategory Load (0.2ms)[0m   [0mSELECT * FROM "categories" LIMIT 1[0m
  [4;36;1mCACHE (0.0ms)[0m   [0;1mSELECT * FROM "categories" LIMIT 1[0m
  [4;35;1mCategory Load (0.2ms)[0m   [0mSELECT * FROM "categories" WHERE (name='worktask') [0m
  [4;36;1mCACHE (0.0ms)[0m   [0;1mSELECT * FROM "categories" WHERE (name='worktask') [0m
  [4;35;1mTask Load (0.0ms)[0m   [0mSQLite3::SQLException: no such column: tasks.category: SELECT * FROM "tasks" WHERE ("tasks"."category" IN (3)) ORDER BY tasks.id DESC LIMIT 1[0m
  [4;36;1mSQL (0.2ms)[0m   [0;1m SELECT name
 FROM sqlite_master
 WHERE type = 'table' AND NOT name = 'sqlite_sequence'
[0m
  [4;35;1mSQL (0.3ms)[0m   [0m SELECT name
 FROM sqlite_master
 WHERE type = 'table' AND NOT name = 'sqlite_sequence'
[0m
  [4;36;1mCategory Load (0.2ms)[0m   [0;1mSELECT * FROM "categories" WHERE (name='worktask') ORDER BY categories.id DESC LIMIT 1[0m
  [4;35;1mSQL (0.3ms)[0m   [0m SELECT name
 FROM sqlite_master
 WHERE type = 'table' AND NOT name = 'sqlite_sequence'
[0m
  [4;36;1mSQL (0.1ms)[0m   [0;1m SELECT name
 FROM sqlite_master
 WHERE type = 'table' AND NOT name = 'sqlite_sequence'
[0m
  [4;35;1mTask Load (0.0ms)[0m   [0mSQLite3::SQLException: no such column: tasks.category: SELECT * FROM "tasks" WHERE ("tasks"."category" = 3) ORDER BY tasks.id DESC LIMIT 1[0m
  [4;36;1mCACHE (0.0ms)[0m   [0;1mSELECT * FROM "tasks" WHERE ("tasks"."category_id" = 3) ORDER BY tasks.id DESC LIMIT 1[0m
  [4;35;1mCACHE (0.0ms)[0m   [0mSELECT * FROM "tasks" WHERE ("tasks"."category_id" = 3) ORDER BY tasks.id DESC LIMIT 1[0m
  [4;36;1mTask Load (0.0ms)[0m   [0;1mSQLite3::SQLException: no such column: tasks.category: SELECT * FROM "tasks" WHERE ("tasks"."category" = 3) ORDER BY tasks.id DESC LIMIT 1[0m
  [4;35;1mCACHE (0.0ms)[0m   [0mSELECT * FROM "tasks" [0m
Rendering tasks/index
Completed in 3050427ms (View: 519, DB: 457) | 200 OK [http://localhost/tasks]


Processing TasksController#index (for 127.0.0.1 at 2012-01-04 20:57:02) [GET]

***** The 'breakpoint' command has been renamed 'debugger' -- please change *****
  [4;36;1mTask Load (243.4ms)[0m   [0;1mSELECT * FROM "tasks" [0m
Rendering tasks/index
Completed in 2102436ms (View: 960, DB: 243) | 200 OK [http://localhost/tasks]


Processing TasksController#index (for 127.0.0.1 at 2012-01-04 21:32:05) [GET]

***** The 'breakpoint' command has been renamed 'debugger' -- please change *****
  [4;35;1mTask Load (183.3ms)[0m   [0mSELECT * FROM "tasks" [0m
Rendering tasks/index
Completed in 681ms (View: 445, DB: 183) | 200 OK [http://localhost/tasks]


Processing TasksController#index (for 127.0.0.1 at 2012-01-04 21:57:33) [GET]
  [4;36;1mTask Load (21.7ms)[0m   [0;1mSELECT * FROM "tasks" WHERE (category_id=3) [0m
Rendering tasks/index
Completed in 185ms (View: 88, DB: 22) | 200 OK [http://localhost/tasks]


Processing TasksController#index (for 127.0.0.1 at 2012-01-04 22:00:16) [GET]
  [4;35;1mTask Load (2.6ms)[0m   [0mSELECT * FROM "tasks" WHERE (category_id=3) [0m
Rendering tasks/index
Completed in 129ms (View: 117, DB: 3) | 200 OK [http://localhost/tasks]


Processing TasksController#show (for 127.0.0.1 at 2012-01-04 22:01:08) [GET]
  Parameters: {"id"=>"356"}
  [4;36;1mTask Load (0.2ms)[0m   [0;1mSELECT * FROM "tasks" WHERE ("tasks"."id" = 356) [0m

ActionView::MissingTemplate (Missing template tasks/show.erb in view path /Users/jdamon/Scripts/Diary/app/views):
  app/controllers/tasks_controller.rb:21:in `show'
  <internal:prelude>:10:in `synchronize'
  /opt/local/lib/ruby1.9/1.9.1/webrick/httpserver.rb:111:in `service'
  /opt/local/lib/ruby1.9/1.9.1/webrick/httpserver.rb:70:in `run'
  /opt/local/lib/ruby1.9/1.9.1/webrick/server.rb:183:in `block in start_thread'

Rendering rescues/layout (internal_server_error)


Processing TasksController#show (for 127.0.0.1 at 2012-01-04 22:05:48) [GET]
  Parameters: {"id"=>"356"}
  [4;35;1mTask Load (0.2ms)[0m   [0mSELECT * FROM "tasks" WHERE ("tasks"."id" = 356) [0m
Rendering tasks/show

ActionView::TemplateError (undefined method `start' for nil:NilClass) on line #4 of app/views/tasks/show.html.erb:
1: 
2: <p>
3:   <b>Start Time:</b>
4:   <%=h @task.start %>
5: </p>
6: 
7: <p>

    app/views/tasks/show.html.erb:4
    app/controllers/tasks_controller.rb:21:in `show'
    <internal:prelude>:10:in `synchronize'
    /opt/local/lib/ruby1.9/1.9.1/webrick/httpserver.rb:111:in `service'
    /opt/local/lib/ruby1.9/1.9.1/webrick/httpserver.rb:70:in `run'
    /opt/local/lib/ruby1.9/1.9.1/webrick/server.rb:183:in `block in start_thread'

Rendered rescues/_trace (13.3ms)
Rendered rescues/_request_and_response (0.9ms)
Rendering rescues/layout (internal_server_error)


Processing TasksController#index (for 127.0.0.1 at 2012-01-04 22:06:25) [GET]
  [4;36;1mTask Load (2.3ms)[0m   [0;1mSELECT * FROM "tasks" WHERE (category_id=3) [0m
Rendering tasks/index
Completed in 28ms (View: 17, DB: 2) | 200 OK [http://localhost/tasks]


Processing TasksController#index (for 127.0.0.1 at 2012-01-04 22:07:03) [GET]
  [4;35;1mTask Load (2.1ms)[0m   [0mSELECT * FROM "tasks" WHERE (category_id=3) [0m
Rendering tasks/index
Completed in 57ms (View: 22, DB: 2) | 200 OK [http://localhost/tasks]


Processing TasksController#show (for 127.0.0.1 at 2012-01-04 22:07:30) [GET]
  Parameters: {"id"=>"356"}
  [4;36;1mTask Load (0.2ms)[0m   [0;1mSELECT * FROM "tasks" WHERE ("tasks"."id" = 356) [0m
Rendering tasks/show

ActionView::TemplateError (undefined method `start' for nil:NilClass) on line #4 of app/views/tasks/show.html.erb:
1: 
2: <p>
3:   <b>Start Time:</b>
4:   <%=h @task.start %>
5: </p>
6: 
7: <p>

    app/views/tasks/show.html.erb:4
    app/controllers/tasks_controller.rb:21:in `show'
    <internal:prelude>:10:in `synchronize'
    /opt/local/lib/ruby1.9/1.9.1/webrick/httpserver.rb:111:in `service'
    /opt/local/lib/ruby1.9/1.9.1/webrick/httpserver.rb:70:in `run'
    /opt/local/lib/ruby1.9/1.9.1/webrick/server.rb:183:in `block in start_thread'

Rendered rescues/_trace (12.8ms)
Rendered rescues/_request_and_response (0.2ms)
Rendering rescues/layout (internal_server_error)


Processing TasksController#index (for 127.0.0.1 at 2012-01-04 22:08:21) [GET]
  [4;35;1mTask Load (2.4ms)[0m   [0mSELECT * FROM "tasks" WHERE (category_id=3) [0m
Rendering tasks/index
Completed in 67ms (View: 56, DB: 2) | 200 OK [http://localhost/tasks]


Processing TasksController#show (for 127.0.0.1 at 2012-01-04 22:08:24) [GET]
  Parameters: {"id"=>"356"}
  [4;36;1mTask Load (0.2ms)[0m   [0;1mSELECT * FROM "tasks" WHERE ("tasks"."id" = 356) [0m
Rendering tasks/show

ActionView::TemplateError (undefined method `start' for nil:NilClass) on line #4 of app/views/tasks/show.html.erb:
1: 
2: <p>
3:   <b>Start Time:</b>
4:   <%=h @task.start %>
5: </p>
6: 
7: <p>

    app/views/tasks/show.html.erb:4
    app/controllers/tasks_controller.rb:21:in `show'
    <internal:prelude>:10:in `synchronize'
    /opt/local/lib/ruby1.9/1.9.1/webrick/httpserver.rb:111:in `service'
    /opt/local/lib/ruby1.9/1.9.1/webrick/httpserver.rb:70:in `run'
    /opt/local/lib/ruby1.9/1.9.1/webrick/server.rb:183:in `block in start_thread'

Rendered rescues/_trace (13.0ms)
Rendered rescues/_request_and_response (0.2ms)
Rendering rescues/layout (internal_server_error)


Processing TasksController#show (for 127.0.0.1 at 2012-01-04 22:08:35) [GET]
  Parameters: {"id"=>"356"}
  [4;35;1mTask Load (0.2ms)[0m   [0mSELECT * FROM "tasks" WHERE ("tasks"."id" = 356) [0m
Rendering tasks/show

ActionView::TemplateError (undefined method `name' for #<Task:0x007fa8641fb0d0>) on line #19 of app/views/tasks/show.html.erb:
16: 
17: <p>
18:   <b>Entry:</b>
19:   <%=h @task.name %>
20: </p>
21: 
22: 

    app/views/tasks/show.html.erb:19
    app/controllers/tasks_controller.rb:21:in `show'
    <internal:prelude>:10:in `synchronize'
    /opt/local/lib/ruby1.9/1.9.1/webrick/httpserver.rb:111:in `service'
    /opt/local/lib/ruby1.9/1.9.1/webrick/httpserver.rb:70:in `run'
    /opt/local/lib/ruby1.9/1.9.1/webrick/server.rb:183:in `block in start_thread'

Rendered rescues/_trace (12.5ms)
Rendered rescues/_request_and_response (0.2ms)
Rendering rescues/layout (internal_server_error)


Processing TasksController#show (for 127.0.0.1 at 2012-01-04 22:08:36) [GET]
  Parameters: {"id"=>"356"}
  [4;36;1mTask Load (0.2ms)[0m   [0;1mSELECT * FROM "tasks" WHERE ("tasks"."id" = 356) [0m
Rendering tasks/show

ActionView::TemplateError (undefined method `name' for #<Task:0x007fa860a00bd0>) on line #19 of app/views/tasks/show.html.erb:
16: 
17: <p>
18:   <b>Entry:</b>
19:   <%=h @task.name %>
20: </p>
21: 
22: 

    app/views/tasks/show.html.erb:19
    app/controllers/tasks_controller.rb:21:in `show'
    <internal:prelude>:10:in `synchronize'
    /opt/local/lib/ruby1.9/1.9.1/webrick/httpserver.rb:111:in `service'
    /opt/local/lib/ruby1.9/1.9.1/webrick/httpserver.rb:70:in `run'
    /opt/local/lib/ruby1.9/1.9.1/webrick/server.rb:183:in `block in start_thread'

Rendered rescues/_trace (12.8ms)
Rendered rescues/_request_and_response (0.2ms)
Rendering rescues/layout (internal_server_error)


Processing TasksController#show (for 127.0.0.1 at 2012-01-04 22:11:04) [GET]
  Parameters: {"id"=>"356"}
  [4;35;1mTask Load (0.2ms)[0m   [0mSELECT * FROM "tasks" WHERE ("tasks"."id" = 356) [0m
Rendering tasks/show

ActionView::TemplateError (undefined method `name' for #<Task:0x007fa862939628>) on line #19 of app/views/tasks/show.html.erb:
16: 
17: <p>
18:   <b>Entry:</b>
19:   <%=h @task.name %>
20: </p>
21: 
22: 

    app/views/tasks/show.html.erb:19
    app/controllers/tasks_controller.rb:21:in `show'
    <internal:prelude>:10:in `synchronize'
    /opt/local/lib/ruby1.9/1.9.1/webrick/httpserver.rb:111:in `service'
    /opt/local/lib/ruby1.9/1.9.1/webrick/httpserver.rb:70:in `run'
    /opt/local/lib/ruby1.9/1.9.1/webrick/server.rb:183:in `block in start_thread'

Rendered rescues/_trace (13.0ms)
Rendered rescues/_request_and_response (0.2ms)
Rendering rescues/layout (internal_server_error)


Processing TasksController#show (for 127.0.0.1 at 2012-01-04 22:11:41) [GET]
  Parameters: {"id"=>"356"}
  [4;36;1mTask Load (0.2ms)[0m   [0;1mSELECT * FROM "tasks" WHERE ("tasks"."id" = 356) [0m
Rendering tasks/show
Completed in 43ms (View: 33, DB: 0) | 200 OK [http://localhost/tasks/356]


Processing TasksController#index (for 127.0.0.1 at 2012-01-04 22:11:45) [GET]
  [4;35;1mTask Load (2.3ms)[0m   [0mSELECT * FROM "tasks" WHERE (category_id=3) [0m
Rendering tasks/index
Completed in 69ms (View: 57, DB: 2) | 200 OK [http://localhost/tasks]


Processing TasksController#index (for 127.0.0.1 at 2012-01-04 22:13:54) [GET]
  [4;36;1mTask Load (2.3ms)[0m   [0;1mSELECT * FROM "tasks" WHERE (category_id=3) [0m
Rendering tasks/index
Completed in 52ms (View: 17, DB: 2) | 200 OK [http://localhost/tasks]


Processing TasksController#edit (for 127.0.0.1 at 2012-01-04 22:15:42) [GET]
  Parameters: {"id"=>"356"}
  [4;35;1mPost Load (0.1ms)[0m   [0mSELECT * FROM "posts" WHERE ("posts"."id" = 356) [0m

ActiveRecord::RecordNotFound (Couldn't find Post with ID=356):
  app/controllers/tasks_controller.rb:40:in `edit'
  <internal:prelude>:10:in `synchronize'
  /opt/local/lib/ruby1.9/1.9.1/webrick/httpserver.rb:111:in `service'
  /opt/local/lib/ruby1.9/1.9.1/webrick/httpserver.rb:70:in `run'
  /opt/local/lib/ruby1.9/1.9.1/webrick/server.rb:183:in `block in start_thread'

Rendered rescues/_trace (9.2ms)
Rendered rescues/_request_and_response (0.2ms)
Rendering rescues/layout (not_found)


Processing TasksController#show (for 127.0.0.1 at 2012-01-04 22:16:09) [GET]
  Parameters: {"id"=>"470"}
  [4;36;1mTask Load (0.3ms)[0m   [0;1mSELECT * FROM "tasks" WHERE ("tasks"."id" = 470) [0m
Rendering tasks/show
Completed in 28ms (View: 2, DB: 0) | 200 OK [http://localhost/tasks/470]


Processing TasksController#index (for 127.0.0.1 at 2012-01-04 22:29:35) [GET]
  [4;35;1mTask Load (2.3ms)[0m   [0mSELECT * FROM "tasks" WHERE (category_id=3) [0m
Rendering tasks/index
Completed in 58ms (View: 25, DB: 2) | 200 OK [http://localhost/tasks]


Processing TasksController#index (for 127.0.0.1 at 2012-01-04 22:29:37) [GET]
  [4;36;1mTask Load (2.2ms)[0m   [0;1mSELECT * FROM "tasks" WHERE (category_id=3) [0m
Rendering tasks/index
Completed in 45ms (View: 34, DB: 2) | 200 OK [http://localhost/tasks]


Processing TasksController#index (for 127.0.0.1 at 2012-01-04 22:29:43) [GET]
  [4;35;1mTask Load (2.1ms)[0m   [0mSELECT * FROM "tasks" WHERE (category_id=3) [0m
Rendering tasks/index
Completed in 27ms (View: 16, DB: 2) | 200 OK [http://localhost/tasks]


Processing TasksController#index (for 127.0.0.1 at 2012-01-04 22:30:08) [GET]
  [4;36;1mTask Load (25.9ms)[0m   [0;1mSELECT * FROM "tasks" WHERE (category_id=3) [0m
Rendering tasks/index
Completed in 52ms (View: 17, DB: 26) | 200 OK [http://localhost/tasks]


Processing TasksController#show (for 127.0.0.1 at 2012-01-04 22:30:12) [GET]
  Parameters: {"id"=>"398"}
  [4;35;1mTask Load (0.2ms)[0m   [0mSELECT * FROM "tasks" WHERE ("tasks"."id" = 398) [0m
Rendering tasks/show
Completed in 12ms (View: 2, DB: 0) | 200 OK [http://localhost/tasks/398]


Processing TasksController#edit (for 127.0.0.1 at 2012-01-04 22:30:14) [GET]
  Parameters: {"id"=>"400"}
  [4;36;1mPost Load (0.1ms)[0m   [0;1mSELECT * FROM "posts" WHERE ("posts"."id" = 400) [0m

ActiveRecord::RecordNotFound (Couldn't find Post with ID=400):
  app/controllers/tasks_controller.rb:40:in `edit'
  <internal:prelude>:10:in `synchronize'
  /opt/local/lib/ruby1.9/1.9.1/webrick/httpserver.rb:111:in `service'
  /opt/local/lib/ruby1.9/1.9.1/webrick/httpserver.rb:70:in `run'
  /opt/local/lib/ruby1.9/1.9.1/webrick/server.rb:183:in `block in start_thread'

Rendered rescues/_trace (9.9ms)
Rendered rescues/_request_and_response (0.2ms)
Rendering rescues/layout (not_found)


Processing TasksController#index (for 127.0.0.1 at 2012-01-05 09:43:46) [GET]
  [4;35;1mTask Load (2.4ms)[0m   [0mSELECT * FROM "tasks" WHERE (category_id=3) [0m
Rendering tasks/index
Completed in 173ms (View: 81, DB: 2) | 200 OK [http://localhost/tasks]


Processing TasksController#index (for 127.0.0.1 at 2012-01-05 10:07:36) [GET]
  [4;36;1mTask Load (2.4ms)[0m   [0;1mSELECT * FROM "tasks" WHERE (category_id=3) [0m
Rendering tasks/index
Completed in 104ms (View: 34, DB: 2) | 200 OK [http://localhost/tasks]


Processing TasksController#index (for 127.0.0.1 at 2012-01-06 12:47:41) [GET]
  [4;36;1mTask Load (16.3ms)[0m   [0;1mSELECT * FROM "tasks" WHERE (category_id=3) [0m
Rendering tasks/index
Completed in 212ms (View: 123, DB: 16) | 200 OK [http://localhost/tasks]


Processing TasksController#new (for 127.0.0.1 at 2012-01-06 12:47:51) [GET]

ActionController::UnknownAction (No action responded to new. Actions: edit, index, show, and update):
  <internal:prelude>:10:in `synchronize'
  /opt/local/lib/ruby1.9/1.9.1/webrick/httpserver.rb:111:in `service'
  /opt/local/lib/ruby1.9/1.9.1/webrick/httpserver.rb:70:in `run'
  /opt/local/lib/ruby1.9/1.9.1/webrick/server.rb:183:in `block in start_thread'

Rendering rescues/layout (not_found)


Processing TasksController#show (for 127.0.0.1 at 2012-01-06 13:05:17) [GET]
  Parameters: {"id"=>"389"}
  [4;35;1mTask Load (0.2ms)[0m   [0mSELECT * FROM "tasks" WHERE ("tasks"."id" = 389) [0m
Rendering tasks/show
Completed in 36ms (View: 25, DB: 0) | 200 OK [http://localhost/tasks/389]


Processing TasksController#edit (for 127.0.0.1 at 2012-01-06 13:05:20) [GET]
  Parameters: {"id"=>"389"}
  [4;36;1mTask Load (0.2ms)[0m   [0;1mSELECT * FROM "tasks" WHERE ("tasks"."id" = 389) [0m
Rendering tasks/edit

ActionView::TemplateError (Called id for nil, which would mistakenly be 4 -- if you really wanted the id of nil, use object_id) on line #3 of app/views/tasks/edit.html.erb:
1: <h1>Editing Task</h1>
2: 
3: <% form_for(@post) do |f| %>
4:   <%= f.error_messages %>
5: 
6:   <p>

    app/views/tasks/edit.html.erb:3
    <internal:prelude>:10:in `synchronize'
    /opt/local/lib/ruby1.9/1.9.1/webrick/httpserver.rb:111:in `service'
    /opt/local/lib/ruby1.9/1.9.1/webrick/httpserver.rb:70:in `run'
    /opt/local/lib/ruby1.9/1.9.1/webrick/server.rb:183:in `block in start_thread'

Rendered rescues/_trace (35.6ms)
Rendered rescues/_request_and_response (0.9ms)
Rendering rescues/layout (internal_server_error)
